Using pre-set license
Built from '2021.3/staging' branch; Version is '2021.3.3f1 (af2e63e8f9bd) revision 11480675'; Using compiler version '192829333'; Build Type 'Release'
OS: 'Windows 10  (10.0.19044) 64bit Education' Language: 'ko' Physical Memory: 16217 MB
BatchMode: 1, IsHumanControllingUs: 0, StartBugReporterOnCrash: 0, Is64bit: 1, IsPro: 1

COMMAND LINE ARGUMENTS:
C:\Program Files\Unity\Hub\Editor\2021.3.3f1\Editor\Unity.exe
-adb2
-batchMode
-noUpm
-name
AssetImportWorker0
-projectPath
C:/Users/Hoon/Desktop/Github/peng/peng
-logFile
Logs/AssetImportWorker0.log
-srvPort
5495
Successfully changed project path to: C:/Users/Hoon/Desktop/Github/peng/peng
C:/Users/Hoon/Desktop/Github/peng/peng
[UnityMemory] Configuration Parameters - Can be set up in boot.config
    "memorysetup-bucket-allocator-granularity=16"
    "memorysetup-bucket-allocator-bucket-count=8"
    "memorysetup-bucket-allocator-block-size=33554432"
    "memorysetup-bucket-allocator-block-count=8"
    "memorysetup-main-allocator-block-size=16777216"
    "memorysetup-thread-allocator-block-size=16777216"
    "memorysetup-gfx-main-allocator-block-size=16777216"
    "memorysetup-gfx-thread-allocator-block-size=16777216"
    "memorysetup-cache-allocator-block-size=4194304"
    "memorysetup-typetree-allocator-block-size=2097152"
    "memorysetup-profiler-bucket-allocator-granularity=16"
    "memorysetup-profiler-bucket-allocator-bucket-count=8"
    "memorysetup-profiler-bucket-allocator-block-size=33554432"
    "memorysetup-profiler-bucket-allocator-block-count=8"
    "memorysetup-profiler-allocator-block-size=16777216"
    "memorysetup-profiler-editor-allocator-block-size=1048576"
    "memorysetup-temp-allocator-size-main=16777216"
    "memorysetup-job-temp-allocator-block-size=2097152"
    "memorysetup-job-temp-allocator-block-size-background=1048576"
    "memorysetup-job-temp-allocator-reduction-small-platforms=262144"
    "memorysetup-temp-allocator-size-background-worker=32768"
    "memorysetup-temp-allocator-size-job-worker=262144"
    "memorysetup-temp-allocator-size-preload-manager=33554432"
    "memorysetup-temp-allocator-size-nav-mesh-worker=65536"
    "memorysetup-temp-allocator-size-audio-worker=65536"
    "memorysetup-temp-allocator-size-cloud-worker=32768"
    "memorysetup-temp-allocator-size-gi-baking-worker=262144"
    "memorysetup-temp-allocator-size-gfx=262144"
Refreshing native plugins compatible for Editor in 75.04 ms, found 3 plugins.
Preloading 0 native plugins for Editor in 0.00 ms.
Initialize engine version: 2021.3.3f1 (af2e63e8f9bd)
[Subsystems] Discovering subsystems at path C:/Program Files/Unity/Hub/Editor/2021.3.3f1/Editor/Data/Resources/UnitySubsystems
[Subsystems] Discovering subsystems at path C:/Users/Hoon/Desktop/Github/peng/peng/Assets
GfxDevice: creating device client; threaded=0; jobified=0
Direct3D:
    Version:  Direct3D 11.0 [level 11.1]
    Renderer: NVIDIA GeForce GTX 1060 3GB (ID=0x1b84)
    Vendor:   NVIDIA
    VRAM:     2988 MB
    Driver:   27.21.14.5671
Initialize mono
Mono path[0] = 'C:/Program Files/Unity/Hub/Editor/2021.3.3f1/Editor/Data/Managed'
Mono path[1] = 'C:/Program Files/Unity/Hub/Editor/2021.3.3f1/Editor/Data/MonoBleedingEdge/lib/mono/unityjit-win32'
Mono config path = 'C:/Program Files/Unity/Hub/Editor/2021.3.3f1/Editor/Data/MonoBleedingEdge/etc'
Using monoOptions --debugger-agent=transport=dt_socket,embedding=1,server=y,suspend=n,address=127.0.0.1:56456
Begin MonoManager ReloadAssembly
Registering precompiled unity dll's ...
Register platform support module: C:/Program Files/Unity/Hub/Editor/2021.3.3f1/Editor/Data/PlaybackEngines/AndroidPlayer/UnityEditor.Android.Extensions.dll
Register platform support module: C:/Program Files/Unity/Hub/Editor/2021.3.3f1/Editor/Data/PlaybackEngines/iOSSupport/UnityEditor.iOS.Extensions.dll
Register platform support module: C:/Program Files/Unity/Hub/Editor/2021.3.3f1/Editor/Data/PlaybackEngines/WindowsStandaloneSupport/UnityEditor.WindowsStandalone.Extensions.dll
Registered in 0.012993 seconds.
Native extension for WindowsStandalone target not found
[usbmuxd] Start listen thread
[usbmuxd] Listen thread started
[usbmuxd] Send listen message
Native extension for iOS target not found
Native extension for Android target not found
Refreshing native plugins compatible for Editor in 67.54 ms, found 3 plugins.
Preloading 0 native plugins for Editor in 0.00 ms.
Mono: successfully reloaded assembly
- Completed reload, in  0.563 seconds
Domain Reload Profiling:
	ReloadAssembly (563ms)
		BeginReloadAssembly (73ms)
			ExecutionOrderSort (0ms)
			DisableScriptedObjects (0ms)
			BackupInstance (0ms)
			ReleaseScriptingObjects (0ms)
			CreateAndSetChildDomain (1ms)
		EndReloadAssembly (389ms)
			LoadAssemblies (71ms)
			RebuildTransferFunctionScriptingTraits (0ms)
			SetupTypeCache (86ms)
			ReleaseScriptCaches (0ms)
			RebuildScriptCaches (21ms)
			SetupLoadedEditorAssemblies (231ms)
				LogAssemblyErrors (0ms)
				InitializePlatformSupportModulesInManaged (57ms)
				SetLoadedEditorAssemblies (0ms)
				RefreshPlugins (68ms)
				BeforeProcessingInitializeOnLoad (1ms)
				ProcessInitializeOnLoadAttributes (70ms)
				ProcessInitializeOnLoadMethodAttributes (34ms)
				AfterProcessingInitializeOnLoad (0ms)
				EditorAssembliesLoaded (0ms)
			ExecutionOrderSort2 (0ms)
			AwakeInstancesAfterBackupRestoration (0ms)
Platform modules already initialized, skipping
Registering precompiled user dll's ...
Registered in 0.006708 seconds.
Begin MonoManager ReloadAssembly
Symbol file LoadedFromMemory doesn't match image C:\Users\Hoon\Desktop\Github\peng\peng\Library\PackageCache\com.unity.visualscripting@1.7.6\Editor\VisualScripting.Core\Dependencies\YamlDotNet\Unity.VisualScripting.YamlDotNet.dll
Symbol file LoadedFromMemory doesn't match image C:\Users\Hoon\Desktop\Github\peng\peng\Library\PackageCache\com.unity.visualscripting@1.7.6\Editor\VisualScripting.Core\Dependencies\DotNetZip\Unity.VisualScripting.IonicZip.dll
Native extension for WindowsStandalone target not found
Native extension for iOS target not found
Native extension for Android target not found
Refreshing native plugins compatible for Editor in 0.38 ms, found 3 plugins.
Preloading 0 native plugins for Editor in 0.00 ms.
Mono: successfully reloaded assembly
- Completed reload, in  1.637 seconds
Domain Reload Profiling:
	ReloadAssembly (1638ms)
		BeginReloadAssembly (868ms)
			ExecutionOrderSort (0ms)
			DisableScriptedObjects (4ms)
			BackupInstance (0ms)
			ReleaseScriptingObjects (0ms)
			CreateAndSetChildDomain (785ms)
		EndReloadAssembly (669ms)
			LoadAssemblies (81ms)
			RebuildTransferFunctionScriptingTraits (0ms)
			SetupTypeCache (192ms)
			ReleaseScriptCaches (0ms)
			RebuildScriptCaches (35ms)
			SetupLoadedEditorAssemblies (337ms)
				LogAssemblyErrors (0ms)
				InitializePlatformSupportModulesInManaged (26ms)
				SetLoadedEditorAssemblies (0ms)
				RefreshPlugins (0ms)
				BeforeProcessingInitializeOnLoad (84ms)
				ProcessInitializeOnLoadAttributes (190ms)
				ProcessInitializeOnLoadMethodAttributes (23ms)
				AfterProcessingInitializeOnLoad (14ms)
				EditorAssembliesLoaded (0ms)
			ExecutionOrderSort2 (0ms)
			AwakeInstancesAfterBackupRestoration (6ms)
Platform modules already initialized, skipping
========================================================================
Worker process is ready to serve import requests
Launched and connected shader compiler UnityShaderCompiler.exe after 0.03 seconds
Refreshing native plugins compatible for Editor in 0.40 ms, found 3 plugins.
Preloading 0 native plugins for Editor in 0.00 ms.
Unloading 3361 Unused Serialized files (Serialized files now loaded: 0)
Unloading 26 unused Assets / (112.2 KB). Loaded Objects now: 3821.
Memory consumption went from 121.3 MB to 121.2 MB.
Total: 2.317500 ms (FindLiveObjects: 0.201100 ms CreateObjectMapping: 0.094700 ms MarkObjects: 1.924300 ms  DeleteObjects: 0.096300 ms)

AssetImportParameters requested are different than current active one (requested -> active):
  custom:video-decoder-ogg-theora: a1e56fd34408186e4bbccfd4996cb3dc -> 
  custom:container-muxer-webm: aa71ff27fc2769a1b78a27578f13a17b -> 
  custom:container-demuxer-webm: 4f35f7cbe854078d1ac9338744f61a02 -> 
  custom:video-encoder-webm-vp8: eb34c28f22e8b96e1ab97ce403110664 -> 
  custom:audio-encoder-webm-vorbis: bf7c407c2cedff20999df2af8eb42d56 -> 
  custom:framework-win-MediaFoundation: 216162199b28c13a410421893ffa2e32 -> 
  custom:container-demuxer-ogg: 62fdf1f143b41e24485cea50d1cbac27 -> 
  custom:video-decoder-webm-vp8: 9c59270c3fd7afecdb556c50c9e8de78 -> 
  custom:audio-decoder-ogg-vorbis: bf7c407c2cedff20999df2af8eb42d56 -> 
========================================================================
Received Import Request.
  Time since last request: 1689.039447 seconds.
  path: Assets/Newbie & Friends/Models/tst1.skp
  artifactKey: Guid(84e57ee4459c4b54a9dcd1649538633f) Importer(815301076,1909f56bfc062723c751e8b465ee728b)
Start importing Assets/Newbie & Friends/Models/tst1.skp using Guid(84e57ee4459c4b54a9dcd1649538633f) Importer(815301076,1909f56bfc062723c751e8b465ee728b)  -> (artifact id: 'bf8f3bf6c9aa44ff2be37ade54245583') in 0.027993 seconds 
========================================================================
Received Import Request.
  Time since last request: 254.616889 seconds.
  path: Assets/Newbie & Friends/Models/tst1.skp
  artifactKey: Guid(84e57ee4459c4b54a9dcd1649538633f) Importer(815301076,1909f56bfc062723c751e8b465ee728b)
Start importing Assets/Newbie & Friends/Models/tst1.skp using Guid(84e57ee4459c4b54a9dcd1649538633f) Importer(815301076,1909f56bfc062723c751e8b465ee728b)  -> (artifact id: '103d2e8a2edfb3f496749db148b61138') in 0.002622 seconds 
========================================================================
Received Import Request.
  Time since last request: 33.146088 seconds.
  path: Assets/Newbie & Friends/Models/tst1 (1).skp
  artifactKey: Guid(d7972627b1a57624d8f82a59c6fa5fa3) Importer(815301076,1909f56bfc062723c751e8b465ee728b)
Start importing Assets/Newbie & Friends/Models/tst1 (1).skp using Guid(d7972627b1a57624d8f82a59c6fa5fa3) Importer(815301076,1909f56bfc062723c751e8b465ee728b)  -> (artifact id: 'a0a1760da0f0f40dfbdb7229b2eeb4ea') in 0.318701 seconds 
========================================================================
Received Import Request.
  Time since last request: 108.864384 seconds.
  path: Assets/Newbie & Friends/Models/tst1 (2).skp
  artifactKey: Guid(030b95cd5f4070e4fb356531eebab7d8) Importer(815301076,1909f56bfc062723c751e8b465ee728b)
Start importing Assets/Newbie & Friends/Models/tst1 (2).skp using Guid(030b95cd5f4070e4fb356531eebab7d8) Importer(815301076,1909f56bfc062723c751e8b465ee728b)  -> (artifact id: 'aa1b5ac60972f766aa331d840c4f90ac') in 0.072675 seconds 
========================================================================
Received Import Request.
  Time since last request: 8.653441 seconds.
  path: Assets/Newbie & Friends/Models/tst1 (2).skp
  artifactKey: Guid(030b95cd5f4070e4fb356531eebab7d8) Importer(815301076,1909f56bfc062723c751e8b465ee728b)
Start importing Assets/Newbie & Friends/Models/tst1 (2).skp using Guid(030b95cd5f4070e4fb356531eebab7d8) Importer(815301076,1909f56bfc062723c751e8b465ee728b)  -> (artifact id: '3e5026a98c28e3c87f8105bec8a9d512') in 0.074428 seconds 
========================================================================
Received Import Request.
  Time since last request: 0.000033 seconds.
  path: Assets/Newbie & Friends/Models/[Stone Flagstone Ashlar].mat
  artifactKey: Guid(7d73ea01d0499754097b048a44ce47a5) Importer(815301076,1909f56bfc062723c751e8b465ee728b)
Start importing Assets/Newbie & Friends/Models/[Stone Flagstone Ashlar].mat using Guid(7d73ea01d0499754097b048a44ce47a5) Importer(815301076,1909f56bfc062723c751e8b465ee728b)  -> (artifact id: 'c614fdbe4691c4b534b0c513dde861fa') in 0.014578 seconds 
========================================================================
Received Import Request.
  Time since last request: 0.000017 seconds.
  path: Assets/Newbie & Friends/Models/_1.mat
  artifactKey: Guid(c6412b29978c17346bc6d5cda6e6133a) Importer(815301076,1909f56bfc062723c751e8b465ee728b)
Start importing Assets/Newbie & Friends/Models/_1.mat using Guid(c6412b29978c17346bc6d5cda6e6133a) Importer(815301076,1909f56bfc062723c751e8b465ee728b)  -> (artifact id: 'eddfe6dd1c429522e7270cfac8cda13b') in 0.009860 seconds 
========================================================================
Received Import Request.
  Time since last request: 0.000015 seconds.
  path: Assets/Newbie & Friends/Models/_defaultMat.mat
  artifactKey: Guid(49cf142b0b2e442429b4fd41561d5d34) Importer(815301076,1909f56bfc062723c751e8b465ee728b)
Start importing Assets/Newbie & Friends/Models/_defaultMat.mat using Guid(49cf142b0b2e442429b4fd41561d5d34) Importer(815301076,1909f56bfc062723c751e8b465ee728b)  -> (artifact id: 'b711d340a6af5ddf2ab9863952789f91') in 0.008838 seconds 
========================================================================
Received Import Request.
  Time since last request: 0.000017 seconds.
  path: Assets/Newbie & Friends/Models/_5.mat
  artifactKey: Guid(f932315b4ba41d948a526c4672e35b3b) Importer(815301076,1909f56bfc062723c751e8b465ee728b)
Start importing Assets/Newbie & Friends/Models/_5.mat using Guid(f932315b4ba41d948a526c4672e35b3b) Importer(815301076,1909f56bfc062723c751e8b465ee728b)  -> (artifact id: 'd9413f7d1034ea0fd85c457309d829c4') in 0.009452 seconds 
========================================================================
Received Import Request.
  Time since last request: 0.000018 seconds.
  path: Assets/Newbie & Friends/Models/[Polished Concrete Old].mat
  artifactKey: Guid(1a7aa8a6c58755b45b7dee3670ab8c64) Importer(815301076,1909f56bfc062723c751e8b465ee728b)
Start importing Assets/Newbie & Friends/Models/[Polished Concrete Old].mat using Guid(1a7aa8a6c58755b45b7dee3670ab8c64) Importer(815301076,1909f56bfc062723c751e8b465ee728b)  -> (artifact id: '324bec5781d14991b9bd1a6994bfeff5') in 0.010354 seconds 
========================================================================
Received Import Request.
  Time since last request: 0.000016 seconds.
  path: Assets/Newbie & Friends/Models/_7.mat
  artifactKey: Guid(7abf88c2b97224347a5498a3f9681cac) Importer(815301076,1909f56bfc062723c751e8b465ee728b)
Start importing Assets/Newbie & Friends/Models/_7.mat using Guid(7abf88c2b97224347a5498a3f9681cac) Importer(815301076,1909f56bfc062723c751e8b465ee728b)  -> (artifact id: '35ce875fadd1b209787d1c6b906343e3') in 0.009745 seconds 
========================================================================
Received Import Request.
  Time since last request: 0.000016 seconds.
  path: Assets/Newbie & Friends/Models/_2.mat
  artifactKey: Guid(33840de9b982d914fa8b6a774dcb2517) Importer(815301076,1909f56bfc062723c751e8b465ee728b)
Start importing Assets/Newbie & Friends/Models/_2.mat using Guid(33840de9b982d914fa8b6a774dcb2517) Importer(815301076,1909f56bfc062723c751e8b465ee728b)  -> (artifact id: '4d2f9690be4e65e340a9712cf744e47e') in 0.008794 seconds 
========================================================================
Received Import Request.
  Time since last request: 0.000019 seconds.
  path: Assets/Newbie & Friends/Models/[Wood Floor Dark].mat
  artifactKey: Guid(88198b2256a29ae4dabbdc1244bef480) Importer(815301076,1909f56bfc062723c751e8b465ee728b)
Start importing Assets/Newbie & Friends/Models/[Wood Floor Dark].mat using Guid(88198b2256a29ae4dabbdc1244bef480) Importer(815301076,1909f56bfc062723c751e8b465ee728b)  -> (artifact id: '7985a35078cab221b499be55011606f9') in 0.009390 seconds 
========================================================================
Received Import Request.
  Time since last request: 0.000017 seconds.
  path: Assets/Newbie & Friends/Models/_LightGray_1.mat
  artifactKey: Guid(d318f673bfd89024ca2190e686bf600f) Importer(815301076,1909f56bfc062723c751e8b465ee728b)
Start importing Assets/Newbie & Friends/Models/_LightGray_1.mat using Guid(d318f673bfd89024ca2190e686bf600f) Importer(815301076,1909f56bfc062723c751e8b465ee728b)  -> (artifact id: 'e762bf8c3ccf6fc98002787474c5e157') in 0.008031 seconds 
Editor requested this worker to shutdown with reason: Scaling down because of idle timeout
AssetImportWorker is now disconnected from the server
Process exiting
Exiting without the bug reporter. Application will terminate with return code 0